<?xml version="1.0" encoding="UTF-8"?><testrun name="TestSkipList" project="P1" tests="5" started="5" failures="0" errors="1" ignored="0">
  <testsuite name="TestSkipList" time="0.011">
    <testcase name="testInsert" classname="TestSkipList" time="0.005"/>
    <testcase name="testSearch" classname="TestSkipList" time="0.001"/>
    <testcase name="testRemoveByKey" classname="TestSkipList" time="0.003">
      <error>java.lang.ArrayIndexOutOfBoundsException: Index 2 out of bounds for length 2
	at SkipList.removeByKey(SkipList.java:115)
	at TestSkipList.testRemoveByKey(TestSkipList.java:42)
	at java.base/jdk.internal.reflect.NativeMethodAccessorImpl.invoke0(Native Method)
	at java.base/jdk.internal.reflect.NativeMethodAccessorImpl.invoke(NativeMethodAccessorImpl.java:62)
	at java.base/jdk.internal.reflect.DelegatingMethodAccessorImpl.invoke(DelegatingMethodAccessorImpl.java:43)
	at java.base/java.lang.reflect.Method.invoke(Method.java:566)
	at org.junit.runners.model.FrameworkMethod$1.runReflectiveCall(FrameworkMethod.java:50)
	at org.junit.internal.runners.model.ReflectiveCallable.run(ReflectiveCallable.java:12)
	at org.junit.runners.model.FrameworkMethod.invokeExplosively(FrameworkMethod.java:47)
	at org.junit.internal.runners.statements.InvokeMethod.evaluate(InvokeMethod.java:17)
	at org.junit.internal.runners.statements.RunBefores.evaluate(RunBefores.java:26)
	at org.junit.internal.runners.statements.RunAfters.evaluate(RunAfters.java:27)
	at student.testingsupport.junit4.RunTestMethodWrapper.evaluate(RunTestMethodWrapper.java:74)
	at org.junit.internal.runners.statements.FailOnTimeout$CallableStatement.call(FailOnTimeout.java:298)
	at org.junit.internal.runners.statements.FailOnTimeout$CallableStatement.call(FailOnTimeout.java:292)
	at java.base/java.util.concurrent.FutureTask.run(FutureTask.java:264)
	at java.base/java.lang.Thread.run(Thread.java:829)

</error>
    </testcase>
    <testcase name="testSize" classname="TestSkipList" time="0.001"/>
    <testcase name="testDump" classname="TestSkipList" time="0.001"/>
  </testsuite>
</testrun>
