<?xml version="1.0" encoding="UTF-8"?><testrun name="TestSkipList" project="P1" tests="8" started="8" failures="0" errors="1" ignored="0">
  <testsuite name="TestSkipList" time="0.0">
    <testcase name="testInsert" classname="TestSkipList" time="0.0"/>
    <testcase name="testSearch" classname="TestSkipList" time="0.0">
      <error>java.lang.ArrayIndexOutOfBoundsException: Index 4 out of bounds for length 4
	at TestSkipList.testSearch(TestSkipList.java:48)
	at java.base/jdk.internal.reflect.NativeMethodAccessorImpl.invoke0(Native Method)
	at java.base/jdk.internal.reflect.NativeMethodAccessorImpl.invoke(NativeMethodAccessorImpl.java:62)
	at java.base/jdk.internal.reflect.DelegatingMethodAccessorImpl.invoke(DelegatingMethodAccessorImpl.java:43)
	at java.base/java.lang.reflect.Method.invoke(Method.java:566)
	at org.junit.runners.model.FrameworkMethod$1.runReflectiveCall(FrameworkMethod.java:50)
	at org.junit.internal.runners.model.ReflectiveCallable.run(ReflectiveCallable.java:12)
	at org.junit.runners.model.FrameworkMethod.invokeExplosively(FrameworkMethod.java:47)
	at org.junit.internal.runners.statements.InvokeMethod.evaluate(InvokeMethod.java:17)
	at org.junit.internal.runners.statements.RunBefores.evaluate(RunBefores.java:26)
	at org.junit.internal.runners.statements.RunAfters.evaluate(RunAfters.java:27)
	at student.testingsupport.junit4.RunTestMethodWrapper.evaluate(RunTestMethodWrapper.java:74)
	at org.junit.internal.runners.statements.FailOnTimeout$CallableStatement.call(FailOnTimeout.java:298)
	at org.junit.internal.runners.statements.FailOnTimeout$CallableStatement.call(FailOnTimeout.java:292)
	at java.base/java.util.concurrent.FutureTask.run(FutureTask.java:264)
	at java.base/java.lang.Thread.run(Thread.java:829)

</error>
    </testcase>
    <testcase name="testRemoveByKey" classname="TestSkipList" time="0.0"/>
    <testcase name="testRemoveByCoordinates" classname="TestSkipList" time="0.0"/>
    <testcase name="testSize" classname="TestSkipList" time="0.0"/>
    <testcase name="testDump" classname="TestSkipList" time="0.0"/>
    <testcase name="testIntersection" classname="TestSkipList" time="0.0"/>
    <testcase name="testRegionSearch" classname="TestSkipList" time="0.0"/>
  </testsuite>
</testrun>
